********* Start testing of live2d.LDEulerAnglesTest *********
PASS: Void canonizeTest()
PASS: Void canonizeTest()
PASS: Void canonizeTest()
PASS: Void canonizeTest()
PASS: Void canonizeTest()
PASS: Void canonizeTest()
PASS: Void canonizeTest()
QUESTION: Void canonizeTest()
 expected: 1.470796
 actual: 1.470796
PASS: Void canonizeTest()
PASS: Void canonizeTest()
QUESTION: Void canonizeTest()
 expected: 1.570796
 actual: 1.570796
PASS: Void canonizeTest()
PASS: Void fromInertialToObjectQuaternionTest()
PASS: Void fromInertialToObjectQuaternionTest()
PASS: Void fromInertialToObjectQuaternionTest()
PASS: Void fromInertialToObjectQuaternionTest()
PASS: Void fromInertialToObjectQuaternionTest()
PASS: Void fromInertialToObjectQuaternionTest()
PASS: Void fromInertialToObjectQuaternionTest()
PASS: Void fromInertialToObjectQuaternionTest()
PASS: Void fromInertialToObjectQuaternionTest()
PASS: Void fromObjectToInertialQuaternionTest()
PASS: Void fromObjectToInertialQuaternionTest()
PASS: Void fromObjectToInertialQuaternionTest()
PASS: Void fromObjectToInertialQuaternionTest()
PASS: Void fromObjectToInertialQuaternionTest()
PASS: Void fromObjectToInertialQuaternionTest()
PASS: Void fromObjectToInertialQuaternionTest()
PASS: Void fromObjectToInertialQuaternionTest()
PASS: Void fromObjectToInertialQuaternionTest()
PASS: Void fromWorldToObjectMatrixTest()
PASS: Void fromWorldToObjectMatrixTest()
PASS: Void fromWorldToObjectMatrixTest()
PASS: Void fromWorldToObjectMatrixTest()
PASS: Void fromWorldToObjectMatrixTest()
PASS: Void fromWorldToObjectMatrixTest()
PASS: Void fromWorldToObjectMatrixTest()
PASS: Void fromWorldToObjectMatrixTest()
PASS: Void fromWorldToObjectMatrixTest()
Totals: 37 passed, 0 failed, 2 questioned.
********* Finished testing of live2d.LDEulerAnglesTest *********
********* Start testing of live2d.LDGridTransformTest *********
PASS: Void simpleTransformTest()
PASS: Void simpleTransformTest()
PASS: Void simpleTransformTest()
PASS: Void simpleTransformTest()
PASS: Void simpleTransformTest()
PASS: Void simpleTransformTest()
PASS: Void simpleTransformTest()
PASS: Void simpleTransformTest()
PASS: Void simpleTransformTest()
PASS: Void simpleTransformTest()
PASS: Void inverseTransformTest()
PASS: Void inverseTransformTest()
PASS: Void inverseTransformTest()
PASS: Void inverseTransformTest()
PASS: Void inverseTransformTest()
PASS: Void inverseTransformTest()
FAILED: Void inverseTransformTest() Verified value but failed.
FAILED: Void inverseTransformTest() Verified value but failed.
PASS: Void getQuadTest()
PASS: Void getQuadTest()
PASS: Void getQuadTest()
PASS: Void getQuadTest()
PASS: Void getQuadTest()
PASS: Void getQuadTest()
PASS: Void getQuadTest()
PASS: Void getQuadTest()
PASS: Void getQuadTest()
PASS: Void getQuadTest()
PASS: Void getQuadTest()
PASS: Void getQuadTest()
PASS: Void getQuadTest()
PASS: Void getQuadTest()
PASS: Void getQuadTest()
PASS: Void getQuadTest()
PASS: Void getQuadTest()
PASS: Void getQuadTest()
PASS: Void getQuadTest()
PASS: Void getQuadTest()
PASS: Void getQuadTest()
PASS: Void getQuadTest()
PASS: Void getQuadTest()
PASS: Void getQuadTest()
PASS: Void getQuadTest()
PASS: Void getQuadTest()
PASS: Void getQuadTest()
PASS: Void getQuadTest()
PASS: Void getQuadTest()
PASS: Void getQuadTest()
PASS: Void getQuadTest()
PASS: Void getQuadTest()
PASS: Void getQuadTest()
PASS: Void getQuadTest()
PASS: Void getQuadTest()
PASS: Void getQuadTest()
PASS: Void getQuadTest()
PASS: Void getQuadTest()
PASS: Void getQuadTest()
PASS: Void getQuadTest()
PASS: Void getQuadTest()
PASS: Void getQuadTest()
PASS: Void getQuadTest()
PASS: Void getQuadTest()
PASS: Void getQuadTest()
PASS: Void getQuadTest()
PASS: Void getQuadTest()
PASS: Void getQuadTest()
PASS: Void getQuadTest()
PASS: Void getQuadTest()
PASS: Void getQuadTest()
PASS: Void getQuadTest()
PASS: Void getQuadTest()
PASS: Void getQuadTest()
PASS: Void getQuadTest()
PASS: Void getQuadTest()
PASS: Void getQuadTest()
PASS: Void getQuadTest()
PASS: Void getQuadTest()
PASS: Void getQuadTest()
PASS: Void getQuadTest()
PASS: Void getQuadTest()
PASS: Void getQuadTest()
PASS: Void getQuadTest()
PASS: Void extendedTransformTest()
PASS: Void extendedTransformTest()
PASS: Void extendedTransformTest()
PASS: Void extendedTransformTest()
PASS: Void extendedTransformTest()
PASS: Void extendedTransformTest()
PASS: Void extendedTransformTest()
PASS: Void extendedTransformTest()
PASS: Void extendedTransformTest()
PASS: Void extendedTransformTest()
PASS: Void extendedTransformTest()
PASS: Void extendedTransformTest()
PASS: Void extendedTransformTest()
PASS: Void extendedTransformTest()
PASS: Void extendedTransformTest()
PASS: Void extendedTransformTest()
PASS: Void extendedTransformTest()
PASS: Void extendedTransformTest()
FAILED: Void extendedTransformTest() Verified value but failed.
FAILED: Void extendedTransformTest() Verified value but failed.
PASS: Void hitTest()
PASS: Void hitTest()
PASS: Void hitTest()
PASS: Void hitTest()
PASS: Void hitTest()
Totals: 103 passed, 4 failed, 0 questioned.
********* Finished testing of live2d.LDGridTransformTest *********
********* Start testing of live2d.LDIndexLineListTest *********
PASS: Void constructTest()
PASS: Void hitTest()
PASS: Void hitTest()
PASS: Void hitTest()
PASS: Void hitTest()
PASS: Void hitTest()
PASS: Void hitTest()
Totals: 7 passed, 0 failed, 0 questioned.
********* Finished testing of live2d.LDIndexLineListTest *********
********* Start testing of live2d.LDMathUtilTest *********
PASS: Void wrapPiTest()
FAILED: Void wrapPiTest() Compared values are not the same
 expected: 0
 actual: -2.384186E-07
QUESTION: Void wrapPiTest()
 expected: 3.131593
 actual: 3.131593
PASS: Void wrapPiTest()
QUESTION: Void wrapPiTest()
 expected: -3.131593
 actual: -3.131593
QUESTION: Void wrapPiTest()
 expected: 3.131593
 actual: 3.131593
PASS: Void wrapPiTest()
PASS: Void wrapPiTest()
PASS: Void getAngleDiffTest()
PASS: Void getAngleDiffTest()
PASS: Void getAngleDiffTest()
PASS: Void getAngleDiffTest()
PASS: Void getAngleDiffTest()
PASS: Void safeAcosTest()
PASS: Void safeAcosTest()
Totals: 11 passed, 1 failed, 3 questioned.
********* Finished testing of live2d.LDMathUtilTest *********
********* Start testing of live2d.LDMatrix43Test *********
PASS: Void identityTest()
PASS: Void identityTest()
PASS: Void identityTest()
PASS: Void identityTest()
PASS: Void identityTest()
PASS: Void identityTest()
PASS: Void identityTest()
PASS: Void identityTest()
PASS: Void identityTest()
PASS: Void identityTest()
PASS: Void identityTest()
PASS: Void identityTest()
PASS: Void setMatrixTest()
PASS: Void setMatrixTest()
PASS: Void setMatrixTest()
PASS: Void setMatrixTest()
PASS: Void setMatrixTest()
PASS: Void setMatrixTest()
PASS: Void setMatrixTest()
PASS: Void setMatrixTest()
PASS: Void setMatrixTest()
PASS: Void setMatrixTest()
PASS: Void setMatrixTest()
PASS: Void setMatrixTest()
PASS: Void setMatrixTest()
PASS: Void setMatrixTest()
PASS: Void setMatrixTest()
PASS: Void setMatrixTest()
PASS: Void setMatrixTest()
PASS: Void setMatrixTest()
PASS: Void setMatrixTest()
PASS: Void setMatrixTest()
PASS: Void setMatrixTest()
PASS: Void setMatrixTest()
PASS: Void setMatrixTest()
PASS: Void setMatrixTest()
PASS: Void multTest()
PASS: Void multTest()
PASS: Void multTest()
PASS: Void multTest()
PASS: Void multTest()
PASS: Void multTest()
PASS: Void multTest()
PASS: Void multTest()
PASS: Void multTest()
PASS: Void multTest()
PASS: Void multTest()
PASS: Void multTest()
FAILED: Void multTest() Compared values are not the same
 expected: 5
 actual: 6
PASS: Void multTest()
PASS: Void multTest()
PASS: Void multTest()
PASS: Void multTest()
PASS: Void multTest()
PASS: Void multTest()
PASS: Void multTest()
PASS: Void multTest()
PASS: Void multTest()
PASS: Void multTest()
PASS: Void multTest()
PASS: Void translateTest()
PASS: Void translateTest()
PASS: Void translateTest()
PASS: Void translateTest()
PASS: Void translateTest()
PASS: Void translateTest()
PASS: Void translateTest()
PASS: Void translateTest()
PASS: Void translateTest()
PASS: Void scaleTest()
PASS: Void scaleTest()
PASS: Void scaleTest()
PASS: Void scaleTest()
PASS: Void scaleTest()
PASS: Void scaleTest()
PASS: Void scaleTest()
PASS: Void scaleTest()
PASS: Void scaleTest()
PASS: Void scaleTest()
PASS: Void scaleTest()
PASS: Void scaleTest()
PASS: Void scaleTest()
PASS: Void scaleTest()
PASS: Void scaleTest()
PASS: Void scaleTest()
PASS: Void scaleTest()
PASS: Void scaleTest()
PASS: Void rotateXTest()
PASS: Void rotateXTest()
PASS: Void rotateXTest()
PASS: Void rotateXTest()
PASS: Void rotateXTest()
PASS: Void rotateXTest()
PASS: Void rotateXTest()
PASS: Void rotateXTest()
PASS: Void rotateXTest()
PASS: Void rotateXTest()
PASS: Void rotateXTest()
PASS: Void rotateXTest()
PASS: Void rotateXTest()
PASS: Void rotateXTest()
PASS: Void rotateXTest()
PASS: Void rotateXTest()
PASS: Void rotateXTest()
PASS: Void rotateXTest()
PASS: Void rotateYTest()
PASS: Void rotateYTest()
PASS: Void rotateYTest()
PASS: Void rotateYTest()
PASS: Void rotateYTest()
PASS: Void rotateYTest()
PASS: Void rotateYTest()
PASS: Void rotateYTest()
PASS: Void rotateYTest()
PASS: Void rotateYTest()
PASS: Void rotateYTest()
PASS: Void rotateYTest()
PASS: Void rotateYTest()
PASS: Void rotateYTest()
PASS: Void rotateYTest()
PASS: Void rotateYTest()
PASS: Void rotateYTest()
PASS: Void rotateYTest()
PASS: Void rotateZTest()
PASS: Void rotateZTest()
PASS: Void rotateZTest()
PASS: Void rotateZTest()
PASS: Void rotateZTest()
PASS: Void rotateZTest()
PASS: Void rotateZTest()
PASS: Void rotateZTest()
PASS: Void rotateZTest()
PASS: Void rotateZTest()
PASS: Void rotateZTest()
PASS: Void rotateZTest()
PASS: Void rotateZTest()
PASS: Void rotateZTest()
PASS: Void rotateZTest()
PASS: Void rotateZTest()
PASS: Void rotateZTest()
PASS: Void rotateZTest()
PASS: Void transformTest()
PASS: Void transformTest()
PASS: Void transformTest()
PASS: Void transformTest()
PASS: Void transformTest()
PASS: Void transformTest()
PASS: Void transformTest()
PASS: Void transformTest()
PASS: Void transformTest()
PASS: Void fromQuaterionTest()
PASS: Void fromQuaterionTest()
PASS: Void fromQuaterionTest()
PASS: Void fromQuaterionTest()
PASS: Void fromQuaterionTest()
PASS: Void fromQuaterionTest()
PASS: Void fromQuaterionTest()
PASS: Void fromQuaterionTest()
PASS: Void fromQuaterionTest()
PASS: Void fromQuaterionTest()
PASS: Void fromQuaterionTest()
PASS: Void fromQuaterionTest()
PASS: Void fromQuaterionTest()
PASS: Void fromQuaterionTest()
PASS: Void fromQuaterionTest()
PASS: Void fromQuaterionTest()
PASS: Void fromQuaterionTest()
PASS: Void fromQuaterionTest()
PASS: Void getInverseTest()
PASS: Void getInverseTest()
PASS: Void getInverseTest()
PASS: Void getInverseTest()
PASS: Void getInverseTest()
PASS: Void getInverseTest()
PASS: Void getInverseTest()
PASS: Void getInverseTest()
PASS: Void getInverseTest()
PASS: Void getInverseTest()
PASS: Void getInverseTest()
PASS: Void getInverseTest()
Totals: 179 passed, 1 failed, 0 questioned.
********* Finished testing of live2d.LDMatrix43Test *********
********* Start testing of live2d.LDMatrix44Test *********
PASS: Void identityTest()
PASS: Void identityTest()
PASS: Void identityTest()
PASS: Void identityTest()
PASS: Void identityTest()
PASS: Void identityTest()
PASS: Void identityTest()
PASS: Void identityTest()
PASS: Void identityTest()
PASS: Void identityTest()
PASS: Void identityTest()
PASS: Void identityTest()
PASS: Void identityTest()
PASS: Void identityTest()
PASS: Void identityTest()
PASS: Void identityTest()
PASS: Void setMatrixTest()
PASS: Void setMatrixTest()
PASS: Void setMatrixTest()
PASS: Void setMatrixTest()
PASS: Void setMatrixTest()
PASS: Void setMatrixTest()
PASS: Void setMatrixTest()
PASS: Void setMatrixTest()
PASS: Void setMatrixTest()
PASS: Void setMatrixTest()
PASS: Void setMatrixTest()
PASS: Void setMatrixTest()
PASS: Void setMatrixTest()
PASS: Void setMatrixTest()
PASS: Void setMatrixTest()
PASS: Void setMatrixTest()
PASS: Void setMatrixTest()
PASS: Void setMatrixTest()
PASS: Void setMatrixTest()
PASS: Void setMatrixTest()
PASS: Void setMatrixTest()
PASS: Void setMatrixTest()
PASS: Void setMatrixTest()
PASS: Void setMatrixTest()
PASS: Void setMatrixTest()
PASS: Void setMatrixTest()
PASS: Void setMatrixTest()
PASS: Void setMatrixTest()
PASS: Void setMatrixTest()
PASS: Void setMatrixTest()
PASS: Void setMatrixTest()
PASS: Void setMatrixTest()
PASS: Void multTest()
PASS: Void multTest()
PASS: Void multTest()
PASS: Void multTest()
PASS: Void multTest()
PASS: Void multTest()
PASS: Void multTest()
PASS: Void multTest()
PASS: Void multTest()
PASS: Void multTest()
PASS: Void multTest()
PASS: Void multTest()
PASS: Void multTest()
PASS: Void multTest()
PASS: Void multTest()
PASS: Void multTest()
PASS: Void multTest()
PASS: Void multTest()
PASS: Void multTest()
PASS: Void multTest()
PASS: Void multTest()
PASS: Void multTest()
PASS: Void multTest()
PASS: Void multTest()
PASS: Void multTest()
PASS: Void multTest()
PASS: Void multTest()
PASS: Void multTest()
PASS: Void multTest()
PASS: Void multTest()
PASS: Void multTest()
PASS: Void multTest()
PASS: Void translateTest()
PASS: Void translateTest()
PASS: Void translateTest()
PASS: Void translateTest()
PASS: Void translateTest()
PASS: Void translateTest()
PASS: Void translateTest()
PASS: Void translateTest()
PASS: Void translateTest()
PASS: Void translateTest()
PASS: Void translateTest()
PASS: Void translateTest()
PASS: Void scaleTest()
PASS: Void scaleTest()
PASS: Void scaleTest()
PASS: Void scaleTest()
PASS: Void scaleTest()
PASS: Void scaleTest()
PASS: Void scaleTest()
PASS: Void scaleTest()
PASS: Void scaleTest()
PASS: Void scaleTest()
PASS: Void scaleTest()
PASS: Void scaleTest()
PASS: Void scaleTest()
PASS: Void scaleTest()
PASS: Void scaleTest()
PASS: Void scaleTest()
PASS: Void scaleTest()
PASS: Void scaleTest()
PASS: Void scaleTest()
PASS: Void scaleTest()
PASS: Void scaleTest()
PASS: Void scaleTest()
PASS: Void scaleTest()
PASS: Void scaleTest()
PASS: Void rotateXTest()
PASS: Void rotateXTest()
PASS: Void rotateXTest()
PASS: Void rotateXTest()
PASS: Void rotateXTest()
PASS: Void rotateXTest()
PASS: Void rotateXTest()
PASS: Void rotateXTest()
PASS: Void rotateXTest()
PASS: Void rotateXTest()
PASS: Void rotateXTest()
PASS: Void rotateXTest()
PASS: Void rotateXTest()
PASS: Void rotateXTest()
PASS: Void rotateXTest()
PASS: Void rotateXTest()
PASS: Void rotateXTest()
PASS: Void rotateXTest()
PASS: Void rotateXTest()
PASS: Void rotateXTest()
PASS: Void rotateXTest()
PASS: Void rotateXTest()
PASS: Void rotateXTest()
PASS: Void rotateXTest()
PASS: Void rotateYTest()
PASS: Void rotateYTest()
PASS: Void rotateYTest()
PASS: Void rotateYTest()
PASS: Void rotateYTest()
PASS: Void rotateYTest()
PASS: Void rotateYTest()
PASS: Void rotateYTest()
PASS: Void rotateYTest()
PASS: Void rotateYTest()
PASS: Void rotateYTest()
PASS: Void rotateYTest()
PASS: Void rotateYTest()
PASS: Void rotateYTest()
PASS: Void rotateYTest()
PASS: Void rotateYTest()
PASS: Void rotateYTest()
PASS: Void rotateYTest()
PASS: Void rotateYTest()
PASS: Void rotateYTest()
PASS: Void rotateYTest()
PASS: Void rotateYTest()
PASS: Void rotateYTest()
PASS: Void rotateYTest()
PASS: Void rotateZTest()
PASS: Void rotateZTest()
PASS: Void rotateZTest()
PASS: Void rotateZTest()
PASS: Void rotateZTest()
PASS: Void rotateZTest()
PASS: Void rotateZTest()
PASS: Void rotateZTest()
PASS: Void rotateZTest()
PASS: Void rotateZTest()
PASS: Void rotateZTest()
PASS: Void rotateZTest()
PASS: Void rotateZTest()
PASS: Void rotateZTest()
PASS: Void rotateZTest()
PASS: Void rotateZTest()
PASS: Void rotateZTest()
PASS: Void rotateZTest()
PASS: Void rotateZTest()
PASS: Void rotateZTest()
PASS: Void rotateZTest()
PASS: Void rotateZTest()
PASS: Void rotateZTest()
PASS: Void rotateZTest()
PASS: Void transformTest()
PASS: Void transformTest()
PASS: Void transformTest()
PASS: Void transformTest()
PASS: Void transformTest()
PASS: Void transformTest()
PASS: Void transformTest()
PASS: Void transformTest()
PASS: Void transformTest()
PASS: Void fromQuaterionTest()
PASS: Void fromQuaterionTest()
PASS: Void fromQuaterionTest()
PASS: Void fromQuaterionTest()
PASS: Void fromQuaterionTest()
PASS: Void fromQuaterionTest()
PASS: Void fromQuaterionTest()
PASS: Void fromQuaterionTest()
PASS: Void fromQuaterionTest()
PASS: Void fromQuaterionTest()
PASS: Void fromQuaterionTest()
PASS: Void fromQuaterionTest()
PASS: Void fromQuaterionTest()
PASS: Void fromQuaterionTest()
PASS: Void fromQuaterionTest()
PASS: Void fromQuaterionTest()
PASS: Void fromQuaterionTest()
PASS: Void fromQuaterionTest()
PASS: Void fromQuaterionTest()
PASS: Void fromQuaterionTest()
PASS: Void fromQuaterionTest()
PASS: Void fromQuaterionTest()
PASS: Void fromQuaterionTest()
PASS: Void fromQuaterionTest()
Totals: 221 passed, 0 failed, 0 questioned.
********* Finished testing of live2d.LDMatrix44Test *********
********* Start testing of live2d.LDQuatTest *********
PASS: Void getAxisTest()
PASS: Void getAxisTest()
PASS: Void getAxisTest()
PASS: Void getAxisTest()
PASS: Void getAxisTest()
PASS: Void getAxisTest()
PASS: Void getAxisTest()
PASS: Void getAxisTest()
QUESTION: Void getAxisTest()
 expected: 3.464102
 actual: 3.464102
PASS: Void setToRotationArcTest()
PASS: Void setToRotationArcTest()
PASS: Void setToRotationArcTest()
PASS: Void setToRotationArcTest()
PASS: Void setToRotationArcTest()
PASS: Void setToRotationArcTest()
PASS: Void setToRotationArcTest()
PASS: Void setToRotationArcTest()
PASS: Void setToRotationArcTest()
PASS: Void setToRotationArcTest()
FAILED: Void setToRotationArcTest() Compared values are not the same
 expected: -0.04597837
 actual: -0.04597838
FAILED: Void setToRotationArcTest() Compared values are not the same
 expected: 0.09195677
 actual: 0.09195679
FAILED: Void setToRotationArcTest() Compared values are not the same
 expected: -0.04597839
 actual: -0.0459784
PASS: Void setToRotationArcTest()
PASS: Void setToRotateObjectToInertialTest()
PASS: Void setToRotateObjectToInertialTest()
PASS: Void setToRotateObjectToInertialTest()
PASS: Void setToRotateObjectToInertialTest()
PASS: Void setToRotateObjectToInertialTest()
PASS: Void setToRotateObjectToInertialTest()
PASS: Void setToRotateObjectToInertialTest()
PASS: Void setToRotateObjectToInertialTest()
PASS: Void setToRotateInertialToObjectTest()
PASS: Void setToRotateInertialToObjectTest()
PASS: Void setToRotateInertialToObjectTest()
PASS: Void setToRotateInertialToObjectTest()
PASS: Void setToRotateInertialToObjectTest()
PASS: Void setToRotateInertialToObjectTest()
PASS: Void setToRotateInertialToObjectTest()
PASS: Void setToRotateInertialToObjectTest()
PASS: Void slerpTest()
PASS: Void slerpTest()
PASS: Void slerpTest()
PASS: Void slerpTest()
PASS: Void slerpTest()
PASS: Void slerpTest()
PASS: Void slerpTest()
PASS: Void slerpTest()
PASS: Void slerpTest()
PASS: Void slerpTest()
PASS: Void slerpTest()
PASS: Void slerpTest()
PASS: Void slerpTest()
PASS: Void slerpTest()
PASS: Void slerpTest()
PASS: Void slerpTest()
PASS: Void mySlerpTest()
PASS: Void mySlerpTest()
PASS: Void mySlerpTest()
PASS: Void mySlerpTest()
PASS: Void mySlerpTest()
PASS: Void mySlerpTest()
PASS: Void mySlerpTest()
PASS: Void mySlerpTest()
PASS: Void mySlerpTest()
PASS: Void mySlerpTest()
PASS: Void mySlerpTest()
PASS: Void mySlerpTest()
PASS: Void powTest()
PASS: Void powTest()
PASS: Void powTest()
PASS: Void powTest()
PASS: Void powTest()
PASS: Void powTest()
PASS: Void powTest()
PASS: Void powTest()
PASS: Void setToRotateAxisTest()
PASS: Void setToRotateAxisTest()
PASS: Void setToRotateAxisTest()
PASS: Void setToRotateAxisTest()
PASS: Void setToRotateAxisTest()
PASS: Void setToRotateAxisTest()
PASS: Void setToRotateAxisTest()
PASS: Void normalizeTest()
PASS: Void normalizeTest()
PASS: Void normalizeTest()
PASS: Void normalizeTest()
PASS: Void normalizeTest()
PASS: Void normalizeTest()
PASS: Void normalizeTest()
PASS: Void normalizeTest()
Totals: 86 passed, 3 failed, 1 questioned.
********* Finished testing of live2d.LDQuatTest *********
********* Start testing of live2d.LDQuadTransformTest *********
PASS: Void simpleTransformTest()
PASS: Void simpleTransformTest()
PASS: Void simpleTransformTest()
PASS: Void simpleTransformTest()
PASS: Void simpleTransformTest()
PASS: Void simpleTransformTest()
PASS: Void simpleTransformTest()
PASS: Void simpleTransformTest()
PASS: Void simpleTransformTest()
PASS: Void simpleTransformTest()
PASS: Void simpleTransformTest()
PASS: Void transformTest()
PASS: Void transformTest()
PASS: Void LDFUZZY_COMPARE(Single, Double, Double)
PASS: Void LDFUZZY_COMPARE(Single, Double, Double)
PASS: Void inverseTransformTest()
PASS: Void inverseTransformTest()
PASS: Void LDFUZZY_COMPARE(Single, Double, Double)
PASS: Void LDFUZZY_COMPARE(Single, Double, Double)
PASS: Void inverseTransformTest()
PASS: Void inverseTransformTest()
PASS: Void inverseTransformTest()
PASS: Void inverseTransformTest()
PASS: Void LDFUZZY_COMPARE(Single, Double, Double)
PASS: Void LDFUZZY_COMPARE(Single, Double, Double)
PASS: Void inverseTransformTest()
PASS: Void inverseTransformTest()
PASS: Void LDFUZZY_COMPARE(Single, Double, Double)
FAILED: Void LDFUZZY_COMPARE(Single, Double, Double) Compared values are not the same
 expected: 20.5396
 actual: 20.53957
PASS: Void LDFUZZY_COMPARE(Single, Double, Double)
FAILED: Void LDFUZZY_COMPARE(Single, Double, Double) Compared values are not the same
 expected: 2072.54
 actual: 2072.539
PASS: Void rotationTest()
PASS: Void rotationTest()
PASS: Void rotationTest()
PASS: Void rotationTest()
PASS: Void extendedTransformTest()
PASS: Void extendedTransformTest()
PASS: Void extendedTransformTest()
PASS: Void extendedTransformTest()
PASS: Void extendedTransformTest()
PASS: Void extendedTransformTest()
PASS: Void extendedTransformTest()
PASS: Void extendedTransformTest()
PASS: Void extendedTransformTest()
PASS: Void extendedTransformTest()
PASS: Void LDFUZZY_COMPARE(Single, Double, Double)
FAILED: Void LDFUZZY_COMPARE(Single, Double, Double) Compared values are not the same
 expected: 60.5396
 actual: 60.53964
FAILED: Void LDFUZZY_COMPARE(Single, Double, Double) Compared values are not the same
 expected: 11515.87
 actual: 11515.94
FAILED: Void LDFUZZY_COMPARE(Single, Double, Double) Compared values are not the same
 expected: 62072.54
 actual: 62072.48
FAILED: Void LDFUZZY_COMPARE(Single, Double, Double) Compared values are not the same
 expected: 5.8731
 actual: 5.873217
FAILED: Void LDFUZZY_COMPARE(Single, Double, Double) Compared values are not the same
 expected: 72.5396
 actual: 72.53924
Totals: 44 passed, 7 failed, 0 questioned.
********* Finished testing of live2d.LDQuadTransformTest *********
********* Start testing of live2d.LDSimpleAffineTransformTest *********
PASS: Void simpleTransformTest()
PASS: Void simpleTransformTest()
PASS: Void simpleTransformTest()
PASS: Void simpleTransformTest()
PASS: Void inverseTransformTest()
FAILED: Void LDFUZZY_COMPARE(Single, Double, Double) Compared values are not the same
 expected: -4.371139E-08
 actual: 0
Totals: 5 passed, 1 failed, 0 questioned.
********* Finished testing of live2d.LDSimpleAffineTransformTest *********
********* Start testing of live2d.LDTrianglListTest *********
PASS: Void findTest_simple()
PASS: Void toIndexLineListTest_simple()
PASS: Void getOutlinePointIndicesTest_simple()
PASS: Void getOutlinePointsTest_simple()
PASS: Void getOutlinePolygonTest_simple()
PASS: Void getRelatedTrianglesTest_simple()
PASS: Void getRelatedLinesTest_simple()
PASS: Void getRelatedPointIndicesTest_simple()
Totals: 8 passed, 0 failed, 0 questioned.
********* Finished testing of live2d.LDTrianglListTest *********
********* Start testing of live2d.LDVector3Test *********
PASS: Void normalizeTest()
PASS: Void normalizeTest()
PASS: Void normalizeTest()
PASS: Void normalizeTest()
PASS: Void normalizeTest()
PASS: Void normalizeTest()
PASS: Void lengthTest()
PASS: Void lengthTest()
PASS: Void lengthTest()
PASS: Void lengthTest()
PASS: Void dotProductTest()
PASS: Void dotProductTest()
PASS: Void crossProductTest()
PASS: Void crossProductTest()
PASS: Void crossProductTest()
PASS: Void crossProductTest()
PASS: Void crossProductTest()
PASS: Void crossProductTest()
PASS: Void dotTest()
PASS: Void dotTest()
PASS: Void distanceTest()
PASS: Void distanceTest()
PASS: Void blendTest()
PASS: Void blendTest()
PASS: Void blendTest()
PASS: Void blendTest()
PASS: Void blendTest()
PASS: Void blendTest()
Totals: 28 passed, 0 failed, 0 questioned.
********* Finished testing of live2d.LDVector3Test *********
********* Start testing of live2d.math.TriangulationTest *********
PASS: Void triangulationTest()
PASS: Void triangulationTest()
PASS: Void triangulationTest()
PASS: Void triangulationTest()
PASS: Void triangulationTest()
FAILED: Void triangulationTest() Compared values are not the same
 expected: 1
 actual: 2
FAILED: Void triangulationTest() Verified value but failed.
PASS: Void triangulationTest()
Totals: 6 passed, 2 failed, 0 questioned.
********* Finished testing of live2d.math.TriangulationTest *********
********* Final Score *********
Totals: 735 passed, 19 failed, 6 questioned, 0 skipped.
********* Finished *********
